2013/05/09 01:57:03 [error] [exception.CHttpException.404] exception 'CHttpException' with message 'The system is unable to find the requested action "gii".' in /Applications/MAMP/htdocs/yii/framework/web/CController.php:483
Stack trace:
#0 /Applications/MAMP/htdocs/yii/framework/web/CController.php(270): CController->missingAction('gii')
#1 /Applications/MAMP/htdocs/yii/framework/web/CWebApplication.php(282): CController->run('gii')
#2 /Applications/MAMP/htdocs/yii/framework/web/CWebApplication.php(141): CWebApplication->runController('site/gii')
#3 /Applications/MAMP/htdocs/yii/framework/base/CApplication.php(169): CWebApplication->processRequest()
#4 /Applications/MAMP/htdocs/hnn/index.php(13): CApplication->run()
#5 {main}
REQUEST_URI=/site/gii
---
2013/05/09 01:57:13 [error] [exception.CHttpException.404] exception 'CHttpException' with message 'Unable to resolve the request "favicon.ico".' in /Applications/MAMP/htdocs/yii/framework/web/CWebApplication.php:286
Stack trace:
#0 /Applications/MAMP/htdocs/yii/framework/web/CWebApplication.php(141): CWebApplication->runController('favicon.ico')
#1 /Applications/MAMP/htdocs/yii/framework/base/CApplication.php(169): CWebApplication->processRequest()
#2 /Applications/MAMP/htdocs/hnn/index.php(13): CApplication->run()
#3 {main}
REQUEST_URI=/favicon.ico
---
2013/05/09 01:57:16 [error] [exception.CHttpException.404] exception 'CHttpException' with message 'Unable to resolve the request "favicon.ico".' in /Applications/MAMP/htdocs/yii/framework/web/CWebApplication.php:286
Stack trace:
#0 /Applications/MAMP/htdocs/yii/framework/web/CWebApplication.php(141): CWebApplication->runController('favicon.ico')
#1 /Applications/MAMP/htdocs/yii/framework/base/CApplication.php(169): CWebApplication->processRequest()
#2 /Applications/MAMP/htdocs/hnn/index.php(13): CApplication->run()
#3 {main}
REQUEST_URI=/favicon.ico
---
2013/05/09 01:57:36 [error] [exception.CHttpException.404] exception 'CHttpException' with message 'Unable to resolve the request "favicon.ico".' in /Applications/MAMP/htdocs/yii/framework/web/CWebApplication.php:286
Stack trace:
#0 /Applications/MAMP/htdocs/yii/framework/web/CWebApplication.php(141): CWebApplication->runController('favicon.ico')
#1 /Applications/MAMP/htdocs/yii/framework/base/CApplication.php(169): CWebApplication->processRequest()
#2 /Applications/MAMP/htdocs/hnn/index.php(13): CApplication->run()
#3 {main}
REQUEST_URI=/favicon.ico
---
2013/05/09 01:57:47 [error] [exception.CHttpException.404] exception 'CHttpException' with message 'Unable to resolve the request "favicon.ico".' in /Applications/MAMP/htdocs/yii/framework/web/CWebApplication.php:286
Stack trace:
#0 /Applications/MAMP/htdocs/yii/framework/web/CWebApplication.php(141): CWebApplication->runController('favicon.ico')
#1 /Applications/MAMP/htdocs/yii/framework/base/CApplication.php(169): CWebApplication->processRequest()
#2 /Applications/MAMP/htdocs/hnn/index.php(13): CApplication->run()
#3 {main}
REQUEST_URI=/favicon.ico
---
2013/05/09 01:57:49 [error] [exception.CHttpException.404] exception 'CHttpException' with message 'Unable to resolve the request "favicon.ico".' in /Applications/MAMP/htdocs/yii/framework/web/CWebApplication.php:286
Stack trace:
#0 /Applications/MAMP/htdocs/yii/framework/web/CWebApplication.php(141): CWebApplication->runController('favicon.ico')
#1 /Applications/MAMP/htdocs/yii/framework/base/CApplication.php(169): CWebApplication->processRequest()
#2 /Applications/MAMP/htdocs/hnn/index.php(13): CApplication->run()
#3 {main}
REQUEST_URI=/favicon.ico
---
2013/05/09 01:57:50 [error] [exception.CHttpException.404] exception 'CHttpException' with message 'Unable to resolve the request "favicon.ico".' in /Applications/MAMP/htdocs/yii/framework/web/CWebApplication.php:286
Stack trace:
#0 /Applications/MAMP/htdocs/yii/framework/web/CWebApplication.php(141): CWebApplication->runController('favicon.ico')
#1 /Applications/MAMP/htdocs/yii/framework/base/CApplication.php(169): CWebApplication->processRequest()
#2 /Applications/MAMP/htdocs/hnn/index.php(13): CApplication->run()
#3 {main}
REQUEST_URI=/favicon.ico
---
2013/05/09 01:57:54 [error] [exception.CHttpException.404] exception 'CHttpException' with message 'Unable to resolve the request "favicon.ico".' in /Applications/MAMP/htdocs/yii/framework/web/CWebApplication.php:286
Stack trace:
#0 /Applications/MAMP/htdocs/yii/framework/web/CWebApplication.php(141): CWebApplication->runController('favicon.ico')
#1 /Applications/MAMP/htdocs/yii/framework/base/CApplication.php(169): CWebApplication->processRequest()
#2 /Applications/MAMP/htdocs/hnn/index.php(13): CApplication->run()
#3 {main}
REQUEST_URI=/favicon.ico
---
2013/05/09 01:57:55 [error] [exception.CHttpException.404] exception 'CHttpException' with message 'Unable to resolve the request "favicon.ico".' in /Applications/MAMP/htdocs/yii/framework/web/CWebApplication.php:286
Stack trace:
#0 /Applications/MAMP/htdocs/yii/framework/web/CWebApplication.php(141): CWebApplication->runController('favicon.ico')
#1 /Applications/MAMP/htdocs/yii/framework/base/CApplication.php(169): CWebApplication->processRequest()
#2 /Applications/MAMP/htdocs/hnn/index.php(13): CApplication->run()
#3 {main}
REQUEST_URI=/favicon.ico
---
2013/05/09 01:57:58 [error] [exception.CHttpException.404] exception 'CHttpException' with message 'Unable to resolve the request "favicon.ico".' in /Applications/MAMP/htdocs/yii/framework/web/CWebApplication.php:286
Stack trace:
#0 /Applications/MAMP/htdocs/yii/framework/web/CWebApplication.php(141): CWebApplication->runController('favicon.ico')
#1 /Applications/MAMP/htdocs/yii/framework/base/CApplication.php(169): CWebApplication->processRequest()
#2 /Applications/MAMP/htdocs/hnn/index.php(13): CApplication->run()
#3 {main}
REQUEST_URI=/favicon.ico
---
2013/05/09 01:58:08 [error] [exception.CHttpException.404] exception 'CHttpException' with message 'Unable to resolve the request "favicon.ico".' in /Applications/MAMP/htdocs/yii/framework/web/CWebApplication.php:286
Stack trace:
#0 /Applications/MAMP/htdocs/yii/framework/web/CWebApplication.php(141): CWebApplication->runController('favicon.ico')
#1 /Applications/MAMP/htdocs/yii/framework/base/CApplication.php(169): CWebApplication->processRequest()
#2 /Applications/MAMP/htdocs/hnn/index.php(13): CApplication->run()
#3 {main}
REQUEST_URI=/favicon.ico
---
2013/05/09 01:59:48 [error] [exception.CHttpException.404] exception 'CHttpException' with message 'Unable to resolve the request "favicon.ico".' in /Applications/MAMP/htdocs/yii/framework/web/CWebApplication.php:286
Stack trace:
#0 /Applications/MAMP/htdocs/yii/framework/web/CWebApplication.php(141): CWebApplication->runController('favicon.ico')
#1 /Applications/MAMP/htdocs/yii/framework/base/CApplication.php(169): CWebApplication->processRequest()
#2 /Applications/MAMP/htdocs/hnn/index.php(13): CApplication->run()
#3 {main}
REQUEST_URI=/favicon.ico
---
2013/05/09 02:00:05 [error] [exception.CHttpException.404] exception 'CHttpException' with message 'Unable to resolve the request "favicon.ico".' in /Applications/MAMP/htdocs/yii/framework/web/CWebApplication.php:286
Stack trace:
#0 /Applications/MAMP/htdocs/yii/framework/web/CWebApplication.php(141): CWebApplication->runController('favicon.ico')
#1 /Applications/MAMP/htdocs/yii/framework/base/CApplication.php(169): CWebApplication->processRequest()
#2 /Applications/MAMP/htdocs/hnn/index.php(13): CApplication->run()
#3 {main}
REQUEST_URI=/favicon.ico
---
2013/05/09 02:00:50 [error] [exception.CHttpException.404] exception 'CHttpException' with message 'Unable to resolve the request "favicon.ico".' in /Applications/MAMP/htdocs/yii/framework/web/CWebApplication.php:286
Stack trace:
#0 /Applications/MAMP/htdocs/yii/framework/web/CWebApplication.php(141): CWebApplication->runController('favicon.ico')
#1 /Applications/MAMP/htdocs/yii/framework/base/CApplication.php(169): CWebApplication->processRequest()
#2 /Applications/MAMP/htdocs/hnn/index.php(13): CApplication->run()
#3 {main}
REQUEST_URI=/favicon.ico
---
2013/05/09 02:01:13 [error] [exception.CHttpException.404] exception 'CHttpException' with message 'Unable to resolve the request "favicon.ico".' in /Applications/MAMP/htdocs/yii/framework/web/CWebApplication.php:286
Stack trace:
#0 /Applications/MAMP/htdocs/yii/framework/web/CWebApplication.php(141): CWebApplication->runController('favicon.ico')
#1 /Applications/MAMP/htdocs/yii/framework/base/CApplication.php(169): CWebApplication->processRequest()
#2 /Applications/MAMP/htdocs/hnn/index.php(13): CApplication->run()
#3 {main}
REQUEST_URI=/favicon.ico
---
2013/05/09 02:01:15 [error] [exception.CHttpException.404] exception 'CHttpException' with message 'Unable to resolve the request "favicon.ico".' in /Applications/MAMP/htdocs/yii/framework/web/CWebApplication.php:286
Stack trace:
#0 /Applications/MAMP/htdocs/yii/framework/web/CWebApplication.php(141): CWebApplication->runController('favicon.ico')
#1 /Applications/MAMP/htdocs/yii/framework/base/CApplication.php(169): CWebApplication->processRequest()
#2 /Applications/MAMP/htdocs/hnn/index.php(13): CApplication->run()
#3 {main}
REQUEST_URI=/favicon.ico
---
2013/05/09 02:01:17 [error] [exception.CHttpException.404] exception 'CHttpException' with message 'Unable to resolve the request "favicon.ico".' in /Applications/MAMP/htdocs/yii/framework/web/CWebApplication.php:286
Stack trace:
#0 /Applications/MAMP/htdocs/yii/framework/web/CWebApplication.php(141): CWebApplication->runController('favicon.ico')
#1 /Applications/MAMP/htdocs/yii/framework/base/CApplication.php(169): CWebApplication->processRequest()
#2 /Applications/MAMP/htdocs/hnn/index.php(13): CApplication->run()
#3 {main}
REQUEST_URI=/favicon.ico
---
2013/05/09 02:01:19 [error] [exception.CHttpException.404] exception 'CHttpException' with message 'Unable to resolve the request "favicon.ico".' in /Applications/MAMP/htdocs/yii/framework/web/CWebApplication.php:286
Stack trace:
#0 /Applications/MAMP/htdocs/yii/framework/web/CWebApplication.php(141): CWebApplication->runController('favicon.ico')
#1 /Applications/MAMP/htdocs/yii/framework/base/CApplication.php(169): CWebApplication->processRequest()
#2 /Applications/MAMP/htdocs/hnn/index.php(13): CApplication->run()
#3 {main}
REQUEST_URI=/favicon.ico
---
2013/05/09 02:01:21 [error] [exception.CHttpException.404] exception 'CHttpException' with message 'Unable to resolve the request "favicon.ico".' in /Applications/MAMP/htdocs/yii/framework/web/CWebApplication.php:286
Stack trace:
#0 /Applications/MAMP/htdocs/yii/framework/web/CWebApplication.php(141): CWebApplication->runController('favicon.ico')
#1 /Applications/MAMP/htdocs/yii/framework/base/CApplication.php(169): CWebApplication->processRequest()
#2 /Applications/MAMP/htdocs/hnn/index.php(13): CApplication->run()
#3 {main}
REQUEST_URI=/favicon.ico
---
2013/05/09 02:01:22 [error] [exception.CHttpException.404] exception 'CHttpException' with message 'Unable to resolve the request "favicon.ico".' in /Applications/MAMP/htdocs/yii/framework/web/CWebApplication.php:286
Stack trace:
#0 /Applications/MAMP/htdocs/yii/framework/web/CWebApplication.php(141): CWebApplication->runController('favicon.ico')
#1 /Applications/MAMP/htdocs/yii/framework/base/CApplication.php(169): CWebApplication->processRequest()
#2 /Applications/MAMP/htdocs/hnn/index.php(13): CApplication->run()
#3 {main}
REQUEST_URI=/favicon.ico
---
2013/05/09 02:01:30 [error] [exception.CHttpException.404] exception 'CHttpException' with message 'Unable to resolve the request "favicon.ico".' in /Applications/MAMP/htdocs/yii/framework/web/CWebApplication.php:286
Stack trace:
#0 /Applications/MAMP/htdocs/yii/framework/web/CWebApplication.php(141): CWebApplication->runController('favicon.ico')
#1 /Applications/MAMP/htdocs/yii/framework/base/CApplication.php(169): CWebApplication->processRequest()
#2 /Applications/MAMP/htdocs/hnn/index.php(13): CApplication->run()
#3 {main}
REQUEST_URI=/favicon.ico
---
2013/05/09 02:01:31 [error] [exception.CHttpException.404] exception 'CHttpException' with message 'Unable to resolve the request "favicon.ico".' in /Applications/MAMP/htdocs/yii/framework/web/CWebApplication.php:286
Stack trace:
#0 /Applications/MAMP/htdocs/yii/framework/web/CWebApplication.php(141): CWebApplication->runController('favicon.ico')
#1 /Applications/MAMP/htdocs/yii/framework/base/CApplication.php(169): CWebApplication->processRequest()
#2 /Applications/MAMP/htdocs/hnn/index.php(13): CApplication->run()
#3 {main}
REQUEST_URI=/favicon.ico
---
2013/05/09 02:01:33 [error] [exception.CHttpException.404] exception 'CHttpException' with message 'Unable to resolve the request "favicon.ico".' in /Applications/MAMP/htdocs/yii/framework/web/CWebApplication.php:286
Stack trace:
#0 /Applications/MAMP/htdocs/yii/framework/web/CWebApplication.php(141): CWebApplication->runController('favicon.ico')
#1 /Applications/MAMP/htdocs/yii/framework/base/CApplication.php(169): CWebApplication->processRequest()
#2 /Applications/MAMP/htdocs/hnn/index.php(13): CApplication->run()
#3 {main}
REQUEST_URI=/favicon.ico
---
2013/05/09 02:01:39 [error] [exception.CHttpException.404] exception 'CHttpException' with message 'Unable to resolve the request "favicon.ico".' in /Applications/MAMP/htdocs/yii/framework/web/CWebApplication.php:286
Stack trace:
#0 /Applications/MAMP/htdocs/yii/framework/web/CWebApplication.php(141): CWebApplication->runController('favicon.ico')
#1 /Applications/MAMP/htdocs/yii/framework/base/CApplication.php(169): CWebApplication->processRequest()
#2 /Applications/MAMP/htdocs/hnn/index.php(13): CApplication->run()
#3 {main}
REQUEST_URI=/favicon.ico
---
2013/05/09 02:01:43 [error] [exception.CHttpException.404] exception 'CHttpException' with message 'Unable to resolve the request "favicon.ico".' in /Applications/MAMP/htdocs/yii/framework/web/CWebApplication.php:286
Stack trace:
#0 /Applications/MAMP/htdocs/yii/framework/web/CWebApplication.php(141): CWebApplication->runController('favicon.ico')
#1 /Applications/MAMP/htdocs/yii/framework/base/CApplication.php(169): CWebApplication->processRequest()
#2 /Applications/MAMP/htdocs/hnn/index.php(13): CApplication->run()
#3 {main}
REQUEST_URI=/favicon.ico
---
2013/05/09 02:01:50 [error] [exception.CHttpException.404] exception 'CHttpException' with message 'Unable to resolve the request "favicon.ico".' in /Applications/MAMP/htdocs/yii/framework/web/CWebApplication.php:286
Stack trace:
#0 /Applications/MAMP/htdocs/yii/framework/web/CWebApplication.php(141): CWebApplication->runController('favicon.ico')
#1 /Applications/MAMP/htdocs/yii/framework/base/CApplication.php(169): CWebApplication->processRequest()
#2 /Applications/MAMP/htdocs/hnn/index.php(13): CApplication->run()
#3 {main}
REQUEST_URI=/favicon.ico
---
